make.exe all --print-data-base --no-builtin-variables --no-builtin-rules --question
# GNU Make 3.81
# Copyright (C) 2006  Free Software Foundation, Inc.
# This is free software; see the source for copying conditions.
# There is NO warranty; not even for MERCHANTABILITY or FITNESS FOR A
# PARTICULAR PURPOSE.

# This program built for i386-pc-mingw32
 

# Make data base, printed on Sat Jul 02 19:02:52 2022

# Variables

# automatic
<D = $(patsubst %/,%,$(dir $<))
# automatic
?F = $(notdir $?)
# makefile
MAKEFLAGS = Rrqp
# environment
VSCODE_LOG_NATIVE = false
# makefile (from `makefile', line 14)
TARGET := bin/galaxybead.exe
# automatic
?D = $(patsubst %/,%,$(dir $?))
# environment
PLATFORMIO_IDE = 2.5.0
# automatic
@D = $(patsubst %/,%,$(dir $@))
# environment
HOMEDRIVE = C:
# automatic
@F = $(notdir $@)
# automatic
^D = $(patsubst %/,%,$(dir $^))
# make 
file
CURDIR := c:/Users/Blue Elk 8/Documents/GalaxyBead
# default
SHELL := sh.exe
# environment
WINDIR = C:\WINDOWS
# environment
VSCODE_NLS_CONFIG = {"locale":"en-us","availableLanguages":{},"_languagePackSupport":true}
# makefile (from `makefile', line 18)
CFLAGS = -Wall -Werror -lm -std=c17 -I$(SDL2_ALL_I) -L$(SDL2_ALL_L) -lmingw32 -llibSDL2_image  -lSDL2main -lSDL2 -lSDL2_ttf
# environment
ONEDRIVE = C:\Users\Blue Elk 8\OneDrive - University of Missouri
# environment
PATHEXT = .COM;.EXE;.BAT;.CMD;.VBS;.VBE;.JS;.JSE;.WSF;.WSH;.MSC
# makefile (from `makefile', line 1)
MAKEFILE_LIST :=  makefile
# makefile (from `makefile', line 20)
LIB_DIR = lib
# environment
FPS_BROWSER_USER_PROFILE_STRING = Default
# environment
TMP = C:\Users\BLUEEL~1\AppData\Local\Temp
# makefile (from `makefile', line 22)
OBJ_DIR = build
# environment
VSCODE_VERBOSE_LOGGING = true
# environment
PROGRAMW6432 = C:\Program Files
# makefile (from `makefile', line 27)
OBJS := build/bead.o build/files.o build/main.o build/mysdl.o build/myttf 
.o
# environment
PROGRAMDATA = C:\ProgramData
# makefile (from `makefile', line 6)
SDL2_ALL_L = C:\SDL2_all\lib
# environment
VSCODE_IPC_HOOK_EXTHOST = \\.\pipe\vscode-ipc-f827664a-ec35-4296-9d6e-d609347eef1f-sock
# environment
VSCODE_CWD = C:\Users\Blue Elk 8\AppData\Local\Programs\Microsoft VS Code
# environment
NO_PROXY = 127.0.0.1
# environment
COMMONPROGRAMW6432 = C:\Program Files\Common Files
# environment
ZES_ENABLE_SYSMAN = 1
# environment
PROCESSOR_ARCHITECTURE = x86
# environment
USERPROFILE = C:\ 
Users\Blue Elk 8
# environment
ALLUSERSPROFILE = C:\ProgramData
# environment
VSCODE_LOG_STACK = false
# environment
NUMBER_OF_PROCESSORS = 4
# environment
ELECTRON_RUN_AS_NODE = 1
# makefile (from `makefile', line 5)
SDL2_ALL_I = C:\SDL2_all\include
# default
.FEATURES := target-specific order-only second-expansion else-if archives
# automatic
%F = $(notdir $%)
# environment
CHROME_CRASHPAD_PIPE_NAME = \\.\pipe\crashpad_9356_BIOUONLSABAVJTCD
# environment
VSCODE_PIPE_LOGGING = true
# environment
COMPUTERNAME = BLUEELKCOUNSELO
# environment
PROGRAMFILES = C:\Program Files (x86)
# environment
DRIVERDATA = C:\Windows\System32\Drivers\DriverData
# environment
ORIGINAL_XDG_CURRENT_DESKTOP = undefined
# environment
USERNAME = Blue Elk 8
# environment
PUBLIC = C:\Users\Public
# environment
VSCODE_AMD_ENTRYPOINT = vs/workbench/api/node/extensionHostProcess
# environment
VSCODE_CODE_CACHE_PATH = C:\Users\Blue Elk 8\AppData\Roaming\Code\CachedData\30d9c6cd9483b2cc586687151bcbcd635f373630
# environment
APPLICATION_INSI 
GHTS_NO_DIAGNOSTIC_CHANNEL = 1
# environment
COMMONPROGRAMFILES = C:\Program Files (x86)\Common Files
# environment
LOGONSERVER = \\BLUEELKCOUNSELO
# environment
VSCODE_HANDLES_UNCAUGHT_ERRORS = true
# environment
USERDOMAIN = BLUEELKCOUNSELO
# environment
PLATFORMIO_PATH = C:\Users\Blue Elk 8\.platformio\python3;C:\Program Files (x86)\Common Files\Oracle\Java\javapath;C:\WINDOWS\system32;C:\WINDOWS;C:\WINDOWS\System32\Wbem;C:\WINDOWS\System32\WindowsPowerShell\v1.0\;C:\WINDOWS\System32\OpenSSH\;C:\Program Files (x86)\Intel\Intel(R) Management Engine Components\DAL;C:\Program Files\Intel\Intel(R) Management Engine Components\DAL;C:\Program Files\PuTTY\;C:\Program Files\Git\cmd;C:\Users\Blue Elk 8\AppData\Local\Microsoft\WindowsApps;C:\Users\Blue Elk 8\AppData\Local\GitHubDesktop\bin;C:\Users\Blue Elk 8\AppData\Local\Programs\Microsoft VS Code\bin;C:\msys64\mingw64\bin;C:\Program Files (x86)\GnuWin32\bin;;C:\Program Files (x86)\Common Files\Oracle\Java\javapath;C:\WINDOWS\system32;C:\WINDOWS;C:\WINDOWS\System32\Wbem;C:\WINDOWS\System32\WindowsPowerShell\v1.0\;C:\WINDOWS\System32\OpenSSH\;C:\Program Files (x86)\Intel\Intel(R) Management Engine Components\DAL;C:\Program Files\Intel\Intel(R) Management Engine Components\DAL;C:\Program Files\PuTTY\;C:\Program Files\Git\cmd;C:\Users\Blue Elk 8\AppData\Local\Microsoft\WindowsApps;C:\Users\Blue Elk 8\AppData\Local\GitHubDesktop\bin;C:\Users\Blue Elk 8\AppData\Local\Programs\Microsoft VS Code\bin;C:\msys64\mingw64\bin;C:\Program Files (x86)\GnuWin32\bin;
# default
MAKE = $(MAKE_COMMAND)
# default
MAKECMDGOALS := all
# environment
PATH = C:\Program Files (x86)\Common Files\Oracle\Java\javapath;C:\WINDOWS\system32;C:\WINDOWS;C:\WINDOWS\System32\Wbem;C:\WINDOWS\System32\WindowsPowerShell\v1.0\;C:\WINDOWS\System32\OpenSSH\;C:\Program Files (x86)\Intel\Intel(R) Management Engine Components\DAL;C:\Program Files\Intel\Intel(R) Management Engine Components\DAL;C:\Program Files\PuTTY\;C:\Program Files\Git\cmd;C:\Users\Blue Elk 8\AppData\Local\Microsoft\WindowsApps;C:\Users\Blue El 
k 8\AppData\Local\GitHubDesktop\bin;C:\Users\Blue Elk 8\AppData\Local\Programs\Microsoft VS Code\bin;C:\msys64\mingw64\bin;C:\Program Files (x86)\GnuWin32\bin;
# makefile (from `makefile', line 25)
SRCS = $(wildcard $(SRC_DIR)/*.c)
# makefile (from `makefile', line 2)
CC = gcc
# environment
ONEDRIVECOMMERCIAL = C:\Users\Blue Elk 8\OneDrive - University of Missouri
# default
MAKE_VERSION := 3.81
# makefile
.DEFAULT_GOAL := bin/galaxybead.exe
# environment
PROGRAMFILES(X86) = C:\Program Files (x86)
# automati 
c
%D = $(patsubst %/,%,$(dir $%))
# environment
LOCALAPPDATA = C:\Users\Blue Elk 8\AppData\Local
# environment
PSMODULEPATH = C:\Program Files\WindowsPowerShell\Modules;C:\WINDOWS\system32\WindowsPowerShell\v1.0\Modules
# default
MAKE_COMMAND := make.exe
# environment
PROCESSOR_ARCHITEW6432 = AMD64
# default
.VARIABLES := 
# automatic
*F = $(notdir $*)
# environment
PROCESSOR_IDENTIFIER = Intel64 Family 6 Model 78 Stepping 3, GenuineIntel
# environment
OS = Windows_NT
# environment
VSCODE_IPC_HOOK = \\.\pip 
e\eddff46077b9c7683336b3bb335c25b6-1.68.1-main-sock
# environment
HOMEPATH = \Users\Blue Elk 8
# environment
COMMONPROGRAMFILES(X86) = C:\Program Files (x86)\Common Files
# environment
PROMPT = $P$G
# environment
MFLAGS = -Rrqp
# automatic
*D = $(patsubst %/,%,$(dir $*))
# environment
SYSTEMROOT = C:\WINDOWS
# automatic
+D = $(patsubst %/,%,$(dir $+))
# automatic
+F = $(notdir $+)
# environment
APPDATA = C:\Users\Blue Elk 8\AppData\Roaming
# environment
TEMP = C:\Users\BLUEEL~1\AppData\Local\Temp
# environm 
ent
COMSPEC = C:\WINDOWS\system32\cmd.exe
# default
MAKEFILES := 
# makefile (from `makefile', line 21)
SRC_DIR = src
# automatic
<F = $(notdir $<)
# environment
PLATFORMIO_CALLER = vscode
# environment
LC_ALL = C
# makefile (from `makefile', line 24)
LIBS = $(wildcard $(LIB_DIR)/*.h)
# automatic
^F = $(notdir $^)
# default
SUFFIXES := 
# environment
SYSTEMDRIVE = C:
# environment
SESSIONNAME = Console
# environment
PROCESSOR_REVISION = 4e03
# environment
MAKELEVEL := 0
# environment
LANG = C
# environment
 
PROCESSOR_LEVEL = 6
# environment
FPS_BROWSER_APP_PROFILE_STRING = Internet Explorer
# environment
VSCODE_PID = 9356
# environment
USERDOMAIN_ROAMINGPROFILE = BLUEELKCOUNSELO
# variable set hash-table stats:
# Load=105/1024=10%, Rehash=0, Collisions=17/146=12%

# Pattern-specific Variable Values

# No pattern-specific variable values.

# Directories

# lib (key c:/Users/Blue Elk 8/Documents/GalaxyBead/lib, mtime 1656806327): 7 files, no impossibilities.
# C:\WINDOWS\System32\WindowsPowerShell\v1.0\ (key C:/ 
WINDOWS/System32/WindowsPowerShell/v1.0/, mtime 1623042374): 30 files, no impossibilities.
# C:\WINDOWS\System32\Wbem (key C:/WINDOWS/System32/Wbem, mtime 1655269226): 170 files, no impossibilities.
# . (key c:/Users/Blue Elk 8/Documents/GalaxyBead, mtime 1656806327): 10 files, no impossibilities.
# C:\Users\Blue Elk 8\AppData\Local\Programs\Microsoft VS Code\bin (key C:/Users/Blue Elk 8/AppData/Local/Programs/Microsoft VS Code/bin, mtime 1655321599): 4 files, no impossibilities.
# C:\WINDOWS\System32\OpenS 
SH\: could not be stat'd.
# C:\Program Files\PuTTY\ (key C:/Program Files/PuTTY/, mtime 1622904139): 12 files, no impossibilities.
# C:\Program Files (x86)\Common Files\Oracle\Java\javapath (key C:/Program Files (x86)/Common Files/Oracle/Java/javapath, mtime 1654357450): 5 files, no impossibilities.
# C:\Program Files\Intel\Intel(R) Management Engine Components\DAL (key C:/Program Files/Intel/Intel(R) Management Engine Components/DAL, mtime 1573144162): 4 files, no impossibilities.
# C:\WINDOWS (key C:/WIND 
OWS, mtime 1655269224): 115 files, no impossibilities.
# C:\Users\Blue Elk 8\AppData\Local\GitHubDesktop\bin (key C:/Users/Blue Elk 8/AppData/Local/GitHubDesktop/bin, mtime 1623530477): 4 files, no impossibilities.
# src (key c:/Users/Blue Elk 8/Documents/GalaxyBead/src, mtime 1656806327): 7 files, no impossibilities.
# C:\Users\Blue Elk 8\AppData\Local\Microsoft\WindowsApps (key C:/Users/Blue Elk 8/AppData/Local/Microsoft/WindowsApps, mtime 1656639167): 17 files, no impossibilities.
# C:\msys64\mingw64\bin 
 (key C:/msys64/mingw64/bin, mtime 1654961050): 210 files, no impossibilities.
# C:\Program Files\Git\cmd (key C:/Program Files/Git/cmd, mtime 1655397760): 8 files, no impossibilities.
# C:\WINDOWS\system32 (key C:/WINDOWS/system32, mtime 1655777546): 3009 files, no impossibilities.
# C:\Program Files (x86)\Intel\Intel(R) Management Engine Components\DAL (key C:/Program Files (x86)/Intel/Intel(R) Management Engine Components/DAL, mtime 1573144162): 7 files, no impossibilities.
# C:\Program Files (x86)\GnuWi 
n32\bin (key C:/Program Files (x86)/GnuWin32/bin, mtime 1654968164): 5 files, no impossibilities.

# 3624 files, no impossibilities in 18 directories.

# Implicit Rules

build/%.o: src/%.c lib/bead.h lib/files.h lib/main.h lib/mysdl.h lib/myttf.h | build
#  commands to execute (from `makefile', line 41):
	$(CC) -c $< -o $@ $(CFLAGS)
	

# 1 implicit rules, 0 (0.0%) terminal.

# Files

# Not a target:
build/main.o:
#  Implicit rule search has not been done.
#  Modification time never checked.
#  File has not  
been updated.

# Not a target:
all:
#  Command-line target.
#  Implicit rule search has been done.
#  File does not exist.
#  File has not been updated.
# variable set hash-table stats:
# Load=0/32=0%, Rehash=0, Collisions=0/0=0%

.PHONY: clean
#  Implicit rule search has not been done.
#  Modification time never checked.
#  File has not been updated.

# Not a target:
.DEFAULT:
#  Implicit rule search has not been done.
#  Modification time never checked.
#  File has not been updated.

# Not a target:
build 
/bead.o:
#  Implicit rule search has not been done.
#  Modification time never checked.
#  File has not been updated.

bin/galaxybead.exe: build/bead.o build/files.o build/main.o build/mysdl.o build/myttf.o
#  Implicit rule search has not been done.
#  Modification time never checked.
#  File has not been updated.
#  commands to execute (from `makefile', line 34):
	$(CC) $^ -o $@ $(CFLAGS)
	

# Not a target:
makefile:
#  Implicit rule search has been done.
#  Last modified 2022-06-16 13:32:36
#  File has be 
en updated.
#  Successfully updated.
# variable set hash-table stats:
# Load=0/32=0%, Rehash=0, Collisions=0/0=0%

build:
#  Implicit rule search has not been done.
#  Modification time never checked.
#  File has not been updated.
#  commands to execute (from `makefile', line 44):
	mkdir $(OBJ_DIR)
	

# Not a target:
build/files.o:
#  Implicit rule search has not been done.
#  Modification time never checked.
#  File has not been updated.

# Not a target:
.SUFFIXES:
#  Implicit rule search has not been done 
.
#  Modification time never checked.
#  File has not been updated.

# Not a target:
build/mysdl.o:
#  Implicit rule search has not been done.
#  Modification time never checked.
#  File has not been updated.

clean:
#  Phony target (prerequisite of .PHONY).
#  Implicit rule search has not been done.
#  File does not exist.
#  File has not been updated.
#  commands to execute (from `makefile', line 53):
	$(RM) $(TARGET)
	$(RM) -r $(OBJ_DIR)
	

# Not a target:
build/myttf.o:
#  Implicit rule search has not b 
een done.
#  Modification time never checked.
#  File has not been updated.

# files hash-table stats:
# Load=13/1024=1%, Rehash=0, Collisions=0/30=0%
# VPATH Search Paths

# No `vpath' search paths.

# No general (`VPATH' variable) search path.

# # of strings in strcache: 1
# # of strcache buffers: 1
# strcache size: total = 4096 / max = 4096 / min = 4096 / avg = 4096
# strcache free: total = 4087 / max = 4087 / min = 4087 / avg = 4087

# Finished Make data base on Sat Jul 02 19:02:52 2022

 
make.exe: *** No rule to make target `all'.  Stop.

